<databaseChangeLog xmlns="http://www.liquibase.org/xml/ns/dbchangelog"
                   xmlns:xsi="http://www.w3.org/2001/XMLSchema-instance"
                   xsi:schemaLocation="http://www.liquibase.org/xml/ns/dbchangelog http://www.liquibase.org/xml/ns/dbchangelog/dbchangelog-3.3.xsd">

    <include file="src/main/resources/changelog.xml"/>
    <changeSet id="test-dml" author="author">
        <sqlFile path="test-dml.sql"/>
        <rollback>
            <sqlFile path="test-dml-rollback.sql" />
        </rollback>
    </changeSet>
</databaseChangeLog>